d:\hoctap\nam4_hocky1\game\git_v6\framework\framework\debug\vc120.pdb
d:\hoctap\nam4_hocky1\game\git_v6\framework\framework\debug\vc120.idb
d:\hoctap\nam4_hocky1\game\git_v6\framework\framework\debug\gobject.obj
d:\hoctap\nam4_hocky1\game\git_v6\framework\framework\debug\simon.obj
d:\hoctap\nam4_hocky1\game\git_v6\framework\framework\debug\gcamera.obj
d:\hoctap\nam4_hocky1\game\git_v6\framework\framework\debug\box.obj
d:\hoctap\nam4_hocky1\game\git_v6\framework\framework\debug\rect.obj
d:\hoctap\nam4_hocky1\game\git_v6\framework\framework\debug\quadtree.obj
d:\hoctap\nam4_hocky1\game\git_v6\framework\framework\debug\quadnode.obj
d:\hoctap\nam4_hocky1\game\git_v6\framework\framework\debug\stairs.obj
d:\hoctap\nam4_hocky1\game\git_v6\framework\framework\debug\spearguard.obj
d:\hoctap\nam4_hocky1\game\git_v6\framework\framework\debug\spiritball.obj
d:\hoctap\nam4_hocky1\game\git_v6\framework\framework\debug\stair.obj
d:\hoctap\nam4_hocky1\game\git_v6\framework\framework\debug\stopwatch.obj
d:\hoctap\nam4_hocky1\game\git_v6\framework\framework\debug\sweptaabb.obj
d:\hoctap\nam4_hocky1\game\git_v6\framework\framework\debug\state.obj
d:\hoctap\nam4_hocky1\game\git_v6\framework\framework\debug\surface.obj
d:\hoctap\nam4_hocky1\game\git_v6\framework\framework\debug\trap.obj
d:\hoctap\nam4_hocky1\game\git_v6\framework\framework\debug\whip.obj
d:\hoctap\nam4_hocky1\game\git_v6\framework\framework\debug\windows.obj
d:\hoctap\nam4_hocky1\game\git_v6\framework\framework\debug\gsprite.obj
d:\hoctap\nam4_hocky1\game\git_v6\framework\framework\debug\gtexture.obj
d:\hoctap\nam4_hocky1\game\git_v6\framework\framework\debug\enemy.obj
d:\hoctap\nam4_hocky1\game\git_v6\framework\framework\debug\fireball.obj
d:\hoctap\nam4_hocky1\game\git_v6\framework\framework\debug\firetower.obj
d:\hoctap\nam4_hocky1\game\git_v6\framework\framework\debug\gameconfig.obj
d:\hoctap\nam4_hocky1\game\git_v6\framework\framework\debug\ghost.obj
d:\hoctap\nam4_hocky1\game\git_v6\framework\framework\debug\graphics.obj
d:\hoctap\nam4_hocky1\game\git_v6\framework\framework\debug\ground.obj
d:\hoctap\nam4_hocky1\game\git_v6\framework\framework\debug\holywater.obj
d:\hoctap\nam4_hocky1\game\git_v6\framework\framework\debug\item.obj
d:\hoctap\nam4_hocky1\game\git_v6\framework\framework\debug\itemnone.obj
d:\hoctap\nam4_hocky1\game\git_v6\framework\framework\debug\keyboard.obj
d:\hoctap\nam4_hocky1\game\git_v6\framework\framework\debug\knife.obj
d:\hoctap\nam4_hocky1\game\git_v6\framework\framework\debug\medusahead.obj
d:\hoctap\nam4_hocky1\game\git_v6\framework\framework\debug\moneybag.obj
d:\hoctap\nam4_hocky1\game\git_v6\framework\framework\debug\morningstar.obj
d:\hoctap\nam4_hocky1\game\git_v6\framework\framework\debug\roast.obj
d:\hoctap\nam4_hocky1\game\git_v6\framework\framework\debug\rosary.obj
d:\hoctap\nam4_hocky1\game\git_v6\framework\framework\debug\smallheart.obj
d:\hoctap\nam4_hocky1\game\git_v6\framework\framework\debug\source.obj
d:\hoctap\nam4_hocky1\game\git_v6\framework\framework\debug\game.obj
d:\hoctap\nam4_hocky1\game\git_v6\framework\framework\debug\axe.obj
d:\hoctap\nam4_hocky1\game\git_v6\framework\framework\debug\bat.obj
d:\hoctap\nam4_hocky1\game\git_v6\framework\framework\debug\bigheart.obj
d:\hoctap\nam4_hocky1\game\git_v6\framework\framework\debug\bonepillar.obj
d:\hoctap\nam4_hocky1\game\git_v6\framework\framework\debug\brick.obj
d:\hoctap\nam4_hocky1\game\git_v6\framework\framework\debug\bricks.obj
d:\hoctap\nam4_hocky1\game\git_v6\framework\framework\debug\brickhidden.obj
d:\hoctap\nam4_hocky1\game\git_v6\framework\framework\debug\brickmoving.obj
d:\hoctap\nam4_hocky1\game\git_v6\framework\framework\debug\fireandle.obj
d:\hoctap\nam4_hocky1\game\git_v6\framework\framework\debug\cross.obj
d:\hoctap\nam4_hocky1\game\git_v6\framework\framework\debug\doubleshot.obj
d:\hoctap\nam4_hocky1\game\git_v6\framework\debug\framework.ilk
d:\hoctap\nam4_hocky1\game\git_v6\framework\debug\framework.exe
d:\hoctap\nam4_hocky1\game\git_v6\framework\debug\framework.pdb
d:\hoctap\nam4_hocky1\game\git_v6\framework\framework\debug\framework.tlog\cl.command.1.tlog
d:\hoctap\nam4_hocky1\game\git_v6\framework\framework\debug\framework.tlog\cl.read.1.tlog
d:\hoctap\nam4_hocky1\game\git_v6\framework\framework\debug\framework.tlog\cl.write.1.tlog
d:\hoctap\nam4_hocky1\game\git_v6\framework\framework\debug\framework.tlog\link.command.1.tlog
d:\hoctap\nam4_hocky1\game\git_v6\framework\framework\debug\framework.tlog\link.read.1.tlog
d:\hoctap\nam4_hocky1\game\git_v6\framework\framework\debug\framework.tlog\link.write.1.tlog
